[10/13/23 09:40:32:485][4992][U]:(00000000): RtcEngine::initialize(this:000001A0FE169900, {"context":{"eventHandler":"000001A139AE1660", "areaCode":4294967295, "logConfig":{"filePath":"./log.txt"}, "autoRegisterAgoraExtensions":1}})
[10/13/23 09:40:32:485][4992][A]:(00000001):   RtcEngine::initializeEx(this:000001A0FE169900, context:(isPassThruMode:0 maxOutputBitrateKpbs:30000, channelProfile:1, audioScenario:0, areaCode:4294967295))
[10/13/23 09:40:32:485][4992][A]:(00000002):     RtcEngine::startService(this:000001A0FE169900, context:(isPassThruMode:0, maxOutputBitrateKpbs:30000))
[10/13/23 09:40:32:485][4992][A]:(00000003):       RtcEngine::initLowLevelModules(this:000001A0FE169900, void)
[10/13/23 09:40:32:485][4992][A]:(00000004): <lambda_b90f6de1b411634849d35d235ddf23cd>::operator (this:000001A13DFACB10, configEx:(engineType:0, enableAudioProcessor:1, enableAudioDevice:1, enableVideo:1, context:0000000000000000, bitrateConstraints:(min_bitrate_bps:0, start_bitrate_bps:300000, min_bitrate_bps:0), logDir: ./log.txt, domainLimit:0))
[10/13/23 09:40:32:513][4992][A]:(00000005):   AgoraService::setLogFilter(this:000001A13DFACB10, filters:15)
[10/13/23 09:40:32:527][4992][A]:(00000006): <lambda_00306b56ed414c924ad90085d720a98a>::operator ->CallbackOnRoutingChanged(this:000001A04B8057A0, route: 4)
[10/13/23 09:40:32:527][4992][A]:(00000007): AgoraService::createAudioDeviceManager(this:000001A13DFACB10, void)
[10/13/23 09:40:32:527][21284][A]:(00000008):         AgoraService::setAudioSessionPreset(this:000001A13DFACB10, scenario:0)
[10/13/23 09:40:32:527][21284][A]:(00000009):         AgoraService::registerAgoraServiceObserver(this:000001A13DFACB10, observer:000001A04656EA50)
[10/13/23 09:40:32:529][21284][A]:(00000010):         AgoraService::createMediaNodeFactory(this:000001A13DFACB10, void)
[10/13/23 09:40:32:530][4992][A]:(00000011): MediaPlayerImpl::initialize(this:000001A142576BC0, {"agora_service":"000001A13DFACB10"})
[10/13/23 09:40:32:530][4992][A]:(00000012):   AgoraService::createMediaNodeFactory(this:000001A13DFACB10, void)
[10/13/23 09:40:32:530][4992][A]:(00000013):   MediaNodeFactoryImpl::createMediaPlayerSource(this:000001A139CA05A0, void)
[10/13/23 09:40:32:530][24704][A]:(00000014): MediaPlayerImpl::registerPlayerSourceObserver(this:000001A1368C0160, observer:000001A049D9D120)
[10/13/23 09:40:32:530][24704][A]:(00000015): MediaPlayerImpl::registerVideoFrameObserver(this:000001A1368C0160, observer:000001A049D9D128)
[10/13/23 09:40:32:530][24704][A]:(00000016): MediaPlayerImpl::registerAudioFrameObserver(this:000001A1368C0160, observer:000001A049D9D130)
[10/13/23 09:40:32:530][24704][A]:(00000017): MediaPlayerImpl::SetReportSender(this:000001A1368C0160, sender:000001A14676F2F0)
[10/13/23 09:40:32:530][24704][A]:(00000018): AgoraService::createMediaNodeFactory(this:000001A13DFACB10, void)
[10/13/23 09:40:32:530][24704][A]:(00000019): MediaNodeFactoryImpl::createAudioPcmDataSender(this:000001A139CA05A0, void)
[10/13/23 09:40:32:530][24704][A]:(00000020): MediaNodeFactoryImpl::createVideoFrameSender(this:000001A139CA05A0, void)
[10/13/23 09:40:32:530][4992][A]:(00000021):   MediaPlayerSourceFFMpeg::registerPlayerSourceObserver(this:000001A049D9D120, observer: 000001A142576BC8)
[10/13/23 09:40:32:530][4992][A]:(00000022):   AgoraService::createMediaPlayerVideoTrack(this:000001A13DFACB10, playerVideoSource:000001A049D9D138)
[10/13/23 09:40:32:530][4992][A]:(00000023):     MediaPlayerSourceFFMpeg::getVideoFrameSender(this:000001A049D9D120, void)
[10/13/23 09:40:32:532][4992][A]:(00000024):     VideoFrameRotator::setOutputFormat(this:000001A1467B55A0, format:(width:960, height:540, fps:15, fixed:1))
[10/13/23 09:40:32:533][4992][A]:(00000025):     VideoFrameAdapter::setOutputFormat(this:000001A06D3400F0, format:(width:960, height:540, fps:15))
[10/13/23 09:40:32:533][4992][A]:(00000026):   LocalVideoTrackImpl::addRenderer(this:000001A13E66D2C0, videoRenderer:000001A13E144A90)
[10/13/23 09:40:32:534][4992][A]:(00000027):     VideoFrameRotator::setOutputFormat(this:000001A1467B64E0, format:(width:960, height:540, fps:15, fixed:1))
[10/13/23 09:40:32:534][4992][A]:(00000028):   AgoraService::createMediaPlayerAudioTrack(this:000001A13DFACB10, playerSource:000001A049D9D138)
[10/13/23 09:40:32:534][4992][A]:(00000029):     MediaPlayerSourceFFMpeg::getAudioPcmDataSender(this:000001A049D9D120, void)
[10/13/23 09:40:32:534][4992][A]:(00000030): MediaPlayerImpl::getMediaPlayerId(this:000001A142576BC0, {})
[10/13/23 09:40:32:534][4992][A]:(00000031):   MediaPlayerSourceFFMpeg::getSourceId(this:000001A049D9D120, void)
[10/13/23 09:40:32:534][4992][A]:(00000032): MediaPlayerImpl::getMediaPlayerId(this:000001A142576BC0, {})
[10/13/23 09:40:32:534][4992][A]:(00000033):   MediaPlayerSourceFFMpeg::getSourceId(this:000001A049D9D120, void)
[10/13/23 09:40:32:534][21284][A]:(00000034):         MediaPlayerImpl::getMediaPlayerId(this:000001A142576BC0, {})
[10/13/23 09:40:32:534][4992][A]:(00000035): MediaPlayerSourceFFMpeg::getSourceId(this:000001A049D9D120, void)
[10/13/23 09:40:32:534][21284][A]:(00000036):         MediaPlayerImpl::registerPlayerSourceObserver(this:000001A142576BC0, {"observer":"000001A1425F9570"})
[10/13/23 09:40:32:534][21284][A]:(00000037):         RhythmPlayerImpl::RhythmPlayerImpl(this:000001A13A033370, void)
[10/13/23 09:40:32:534][4992][A]:(00000038): AgoraService::createRtcConnectionEx(this:000001A13DFACB10, cfg:(autoSubscribeAudio:1, autoSubscribeVideo:1, enableAudioRecordingOrPlayout:1maxSendBitrate:-1, minPort:0, maxPort:0,  clientRoleType:2, clientType:0, vosList.size:0), connId:0)
[10/13/23 09:40:32:534][4992][A]:(00000039):   RtcConnectionImpl::initializeEx(this:0000019FF524E490, serviceCfg:(enableAudioProcessor:1, enableAudioDevice:1, enableVideo:1, context:0000000000000000), cfg:(autoSubscribeAudio:1, autoSubscribeVideo:1, enableAudioRecordingOrPlayout:1, maxSendBitrate:-1, minPort:0, maxPort:0, clientRoleType:2, clientType:0, channelProfile:1, vosList.size:0, recvType:(audio: 0, video: 0)))
[10/13/23 09:40:32:537][4992][A]:(00000040):     RtcConnectionImpl::getUserRole(this:0000019FF524E490, void)
[10/13/23 09:40:32:540][4992][A]:(00000041):     RtcConnectionImpl::subscribeReceivePacketHandler(this:0000019FF524E490, void)
[10/13/23 09:40:32:540][4992][A]:(00000042): RtcConnectionImpl::registerObserver(this:0000019FF524E490, observer:000001A04A0874E0)
[10/13/23 09:40:32:540][4992][A]:(00000043): RtcConnectionImpl::registerNetworkObserver(this:0000019FF524E490, observer:000001A04A0874E8)
[10/13/23 09:40:32:540][4992][A]:(00000044): LocalUserImpl::registerLocalUserObserver(this:000001A139D44D00, observer:000001A04A0874F0)
[10/13/23 09:40:32:542][21284][A]:(00000045):         AgoraService::createAudioDeviceManager(this:000001A13DFACB10, void)
[10/13/23 09:40:32:542][21284][A]:(00000046):         AudioDeviceManagerImpl::registerObserver(this:000001A137F0BEE0, observer:000001A04656EA48)
[10/13/23 09:40:32:542][21284][A]:(00000047):       RtcEngine::queryInterface(this:000001A0FE169900, {"iid":3, "inter":"00000004B3CEC0F0"})
[10/13/23 09:40:32:542][21284][A]:(00000048):       RtcEngine::setParametersInternal(this:000001A0FE169900, {"parameters":{"rtc.channel_profile":1}})
[10/13/23 09:40:32:542][4992][A]:(00000049): LocalUserImpl::setAudioScenario(this:000001A139D44D00, config:(scenario:0))
[10/13/23 09:40:32:542][21284][A]:(00000050):     RtcEngine::loadExtensionProvider(this:000001A0FE169900, {"path":"libagora_clear_vision_extension.dll", "unload_after_use":0})
[10/13/23 09:40:32:542][21284][A]:(00000051):     RtcEngine::loadExtensionProvider(this:000001A0FE169900, {"path":"libagora_segmentation_extension.dll", "unload_after_use":0})
[10/13/23 09:40:32:542][21284][A]:(00000052):     RtcEngine::loadExtensionProvider(this:000001A0FE169900, {"path":"libagora_screen_capture_extension.dll", "unload_after_use":0})
[10/13/23 09:40:32:542][21284][A]:(00000053):     RtcEngine::loadExtensionProvider(this:000001A0FE169900, {"path":"libagora_audio_beauty_extension.dll", "unload_after_use":0})
[10/13/23 09:40:32:542][21284][A]:(00000054):     RtcEngine::loadExtensionProvider(this:000001A0FE169900, {"path":"libagora_spatial_audio_extension.dll", "unload_after_use":0})
[10/13/23 09:40:32:542][21284][A]:(00000055):     RtcEngine::loadExtensionProvider(this:000001A0FE169900, {"path":"libagora_video_quality_analyzer_extension.dll", "unload_after_use":0})
[10/13/23 09:40:32:542][21284][A]:(00000056):     RtcEngine::loadExtensionProvider(this:000001A0FE169900, {"path":"libagora_face_detection_extension.dll", "unload_after_use":0})
[10/13/23 09:40:32:542][21284][A]:(00000057):     RtcEngine::loadExtensionProvider(this:000001A0FE169900, {"path":"libagora_ai_echo_cancellation_extension.dll", "unload_after_use":0})
[10/13/23 09:40:32:542][21284][A]:(00000058):     RtcEngine::loadExtensionProvider(this:000001A0FE169900, {"path":"libagora_ai_noise_suppression_extension.dll", "unload_after_use":0})
[10/13/23 09:40:32:542][21284][A]:(00000059):     RtcEngine::loadExtensionProvider(this:000001A0FE169900, {"path":"libagora_video_encoder_extension.dll", "unload_after_use":0})
[10/13/23 09:40:32:542][21284][A]:(00000060):     RtcEngine::loadExtensionProvider(this:000001A0FE169900, {"path":"libagora_video_decoder_extension.dll", "unload_after_use":0})
[10/13/23 09:40:32:544][21284][A]:(00000061):     RtcEngine::enableLocalAudio(this:000001A0FE169900, {"enabled":1})
[10/13/23 09:40:32:544][21284][A]:(00000062):       RtcEngine::enableLocalAudioInternal(this:000001A0FE169900, enabled:1)
[10/13/23 09:40:32:544][21284][A]:(00000063):         RtcEngine::queryInterface(this:000001A0FE169900, {"iid":3, "inter":"00000004B3CEBF50"})
[10/13/23 09:40:32:544][21284][A]:(00000064):         RtcEngine::setParametersInternal(this:000001A0FE169900, {"parameters":{"che.audio.record":true}})
[10/13/23 09:40:32:544][21284][A]:(00000065):     RtcEngine::enableLocalVideo(this:000001A0FE169900, {"enabled":0})
[10/13/23 09:40:32:544][21284][A]:(00000066):       RtcEngine::enableLocalVideoInternal(this:000001A0FE169900, enabled:0)
[10/13/23 09:40:32:544][21284][U]:(00000067): RtcEngine::queryInterface(this:000001A0FE169900, {"iid":4, "inter":"000001A13863D578"})
[10/13/23 09:40:32:544][21284][U]:(00000068): MediaEngine::addVideoFrameRenderer(this:000001A142E96680, {"renderer":"000001A0FE567190"})
[10/13/23 09:40:32:544][4992][A]:(00000069): LocalUserImpl::setExtendPlatformRenderer(this:000001A139D44D00, renderer:000001A0FEC92670)
[10/13/23 09:40:32:544][21284][U]:(00000070): RtcEngine::queryInterface(this:000001A0FE169900, {"iid":4, "inter":"00000004B3CEC340"})
[10/13/23 09:40:32:544][21284][U]:(00000071): RtcEngine::queryInterface(this:000001A0FE169900, {"iid":1, "inter":"00000004B3CEC2B0"})
[10/13/23 09:40:32:544][4992][A]:(00000072): AgoraService::createAudioDeviceManagerComponent(this:000001A13DFACB10, void)
[10/13/23 09:40:32:544][4992][A]:(00000073):   AudioDeviceManagerComponentImpl::AudioDeviceManagerComponentImpl(this:000001A13E020910, void)
[10/13/23 09:40:32:544][4992][A]:(00000074):     AgoraService::createAudioDeviceManager(this:000001A13DFACB10, void)
[10/13/23 09:40:32:544][4992][A]:(00000075):     AgoraService::createMediaNodeFactory(this:000001A13DFACB10, void)
[10/13/23 09:40:32:544][21284][U]:(00000076): RtcEngine::queryInterface(this:000001A0FE169900, {"iid":2, "inter":"00000004B3CEC2B0"})
[10/13/23 09:40:32:544][4992][A]:(00000077): AgoraService::createMediaNodeFactory(this:000001A13DFACB10, void)
[10/13/23 09:40:32:544][4992][A]:(00000078): MediaNodeFactoryImpl::createCameraCapturer(this:000001A139CA05A0, void)
[10/13/23 09:40:32:545][21284][U]:(00000079): RtcEngine::queryInterface(this:000001A0FE169900, {"iid":11, "inter":"0000019FF5287588"})
[10/13/23 09:40:32:545][21284][U]:(00000080): RtcEngine::queryInterface(this:000001A0FE169900, {"iid":15, "inter":"0000019FF52872C0"})
[10/13/23 09:40:32:552][21284][U]:(00000081): RtcEngine::setParameters(this:000001A0FE169900, {"parameters":{"rtc.set_app_type": 2}})
[10/13/23 09:40:32:552][21284][A]:(00000082):   RtcEngine::setParametersInternal(this:000001A0FE169900, {"parameters":{"rtc.set_app_type": 2}})
[10/13/23 09:40:32:552][21284][A]:(00000083):     RtcEngine::setAppType(this:000001A0FE169900, appType 2)
[10/13/23 09:40:32:554][21284][U]:(00000084): RtcEngine::setClientRole(this:000001A0FE169900, {"role":1})
[10/13/23 09:40:32:554][21284][A]:(00000085):   RtcEngine::setClientRoleInternal(this:000001A0FE169900, role:1)
[10/13/23 09:40:32:554][21284][A]:(00000086):     RtcEngine::setClientRoleInternal(this:000001A0FE169900, {"role":1, "options":{"audienceLatencyLevel":2}})
[10/13/23 09:40:32:554][21284][U]:(00000087): RtcEngine::enableAudio(this:000001A0FE169900, {})
[10/13/23 09:40:32:554][21284][A]:(00000088):   RtcEngine::enableAudioPlayoutInternal(this:000001A0FE169900, enabled:1)
[10/13/23 09:40:32:554][21284][A]:(00000089):   RtcEngine::enableLocalAudio(this:000001A0FE169900, {"enabled":1})
[10/13/23 09:40:32:554][21284][A]:(00000090):     RtcEngine::enableLocalAudioInternal(this:000001A0FE169900, enabled:1)
[10/13/23 09:40:32:554][21284][A]:(00000091):       RtcEngine::queryInterface(this:000001A0FE169900, {"iid":3, "inter":"00000004B3CECDE0"})
[10/13/23 09:40:32:554][21284][A]:(00000092):       RtcEngine::setParametersInternal(this:000001A0FE169900, {"parameters":{"che.audio.record":true}})
[10/13/23 09:40:32:554][21284][A]:(00000093):   RtcEngine::queryInterface(this:000001A0FE169900, {"iid":3, "inter":"00000004B3CECFD0"})
[10/13/23 09:40:32:554][21284][A]:(00000094):   RtcEngine::setParametersInternal(this:000001A0FE169900, {"parameters":{"che.audio.enabled":true}})
[10/13/23 09:40:32:555][21284][U]:(00000095): RtcEngine::enableVideo(this:000001A0FE169900, {})
[10/13/23 09:40:32:555][21284][A]:(00000096):   RtcEngine::queryInterface(this:000001A0FE169900, {"iid":3, "inter":"00000004B3CECFD8"})
[10/13/23 09:40:32:555][21284][A]:(00000097):   RtcEngine::setParametersInternal(this:000001A0FE169900, {"parameters":{"rtc.video.enabled":true}})
[10/13/23 09:40:32:555][21284][A]:(00000098):   RtcEngine::enableLocalVideo(this:000001A0FE169900, {"enabled":1})
[10/13/23 09:40:32:555][21284][A]:(00000099):     RtcEngine::enableLocalVideoInternal(this:000001A0FE169900, enabled:1)
[10/13/23 09:40:32:555][21284][U]:(00000100): RtcEngine::joinChannel(this:000001A0FE169900, {"token":"0****=", "channelId":"Hacsamo", "uid":0})
[10/13/23 09:40:32:555][21284][A]:(00000101):   RtcEngine::joinChannel(this:000001A0FE169900, {"token":"0****=", "channelId":"Hacsamo", "uid":0, "options":{...}})
[10/13/23 09:40:32:556][21284][A]:(00000102):     RtcEngine::doJoinChannel(this:000001A0FE169900, token:"0****=", channelId:"Hacsamo", localUid:"0", userId:"", options:["publishMicrophone":empty, "publishCustomAudio":empty, "publishCustomAudioTrackId":empty, "publishMediaPlayerAudio":empty, "publishCamera":empty, "publishSecondaryCameraTrack":empty, "publishScreen":0, "publishSecondaryScreenTrack":empty, "publishCustomVideo":0, "publishEncodedVideo":0, "publishTranscodedVideoTrack":empty, "publishMediaPlayerVideo":empty, "publishMediaPlayerId":empty, "publishRhythmPlayerTrack":empty, "isAudioFilterable":empty, "autoSubscribeAudio":1, "autoSubscribeVideo":1, "enableAudioRecordingOrPlayout":empty, "clientRoleType":1, "audienceLatencyLevel":2, "defaultVideoStreamType":empty, "channelProfile":1, "audioDelayMs":empty, "enableBuiltInMediaEncryption":empty, "mediaPlayerAudioDelayMs":empty, "customVideoTrackId":empty, "isInteractiveAudience":empty])
[10/13/23 09:40:32:556][21284][A]:(00000103):       RtcEngine::getVersion(this:000001A0FE169900, void)
[10/13/23 09:40:32:556][4992][A]:(00000104): LocalUserImpl::setAudioEncoderConfiguration(this:000001A139D44D00, config:(audioProfile:0))
[10/13/23 09:40:32:556][4992][A]:(00000105): LocalUserImpl::setAudioScenario(this:000001A139D44D00, config:(scenario:0))
[10/13/23 09:40:32:556][4992][A]:(00000106): MediaNodeFactoryImpl::createCameraCapturer(this:000001A139CA05A0, void)
[10/13/23 09:40:32:557][4992][A]:(00000107): VideoModuleSourceCamera::createDeviceInfo(this:000001A100FCDE20, void)
[10/13/23 09:40:32:558][4992][A]:(00000108): VideoModuleSourceCamera::initWithDeviceId(this:000001A100FCDE20, deviceId:"\\?\usb#vid_30c9&pid_0065&mi_00#6&2ad6c492&0&0000#{65e8773d-8f56-11d0-a3b9-00a0c9223196}\global")
[10/13/23 09:40:32:560][4992][A]:(00000109): AgoraService::createCameraVideoTrack(this:000001A13DFACB10, videoSource:000001A100FCDE20)
[10/13/23 09:40:32:561][4436][A]:(00000110): <lambda_6ad589a1ec6854e622ad016e3518efc1>::operator (this:000001A100FCDE20, format:(width:960, height:540, fps:15 fixed:0 bypass_adaption:0))
[10/13/23 09:40:32:561][4436][A]:(00000111): <lambda_608ace781b17c3a7c1d2b8ab3f5b7294>::operator (this:000001A100FCDE20, capture_format:(width:960, height:540, fps:15))
[10/13/23 09:40:32:561][4992][A]:(00000112):   VideoFrameRotator::setOutputFormat(this:000001A0466F00E0, format:(width:960, height:540, fps:15, fixed:1))
[10/13/23 09:40:32:561][4992][A]:(00000113):   VideoFrameRotator::setOutputFormat(this:000001A0466EFD00, format:(width:960, height:540, fps:15, fixed:1))
[10/13/23 09:40:32:561][4992][A]:(00000114):   VideoFrameAdapter::setOutputFormat(this:000001A138438A40, format:(width:960, height:540, fps:15))
[10/13/23 09:40:32:561][4992][A]:(00000115):   LocalVideoTrackImpl::setEnabled(this:000001A049CA3060, enable:0)
[10/13/23 09:40:32:562][4992][A]:(00000116): MediaNodeFactoryImpl::createObservableVideoFilter(this:000001A139CA05A0, observer:0000000000000000, trackInfo:(ownerUid:0, trackId:0, channelId:(null),  streamType:0, codecType2, encodedFrameOnly:0))
[10/13/23 09:40:32:562][4992][A]:(00000117):   VideoFrameRotator::setOutputRotation(this:000001A0466F0480, rotation:0)
[10/13/23 09:40:32:562][4992][A]:(00000118): LocalVideoTrackImpl::addVideoFilter(this:000001A049CA3060, filter:0000019E72E75D10)
[10/13/23 09:40:32:562][4992][A]:(00000119): MediaNodeFactoryImpl::createObservableVideoFilter(this:000001A139CA05A0, observer:0000000000000000, trackInfo:(ownerUid:0, trackId:0, channelId:(null),  streamType:0, codecType2, encodedFrameOnly:0))
[10/13/23 09:40:32:562][4992][A]:(00000120):   VideoFrameRotator::setOutputRotation(this:000001A0466F0AA0, rotation:0)
[10/13/23 09:40:32:562][4992][A]:(00000121): LocalVideoTrackImpl::addVideoFilter(this:000001A049CA3060, filter:0000019E72E765D0)
[10/13/23 09:40:32:562][4992][A]:(00000122): MediaNodeFactoryImpl::createObservableVideoSink(this:000001A139CA05A0, observer:000001A0FEC92670, trackInfo:(ownerUid:0, trackId:0, channelId:(null),  streamType:0, codecType2, encodedFrameOnly:0))
[10/13/23 09:40:32:562][4992][A]:(00000123): LocalVideoTrackImpl::addRenderer(this:000001A049CA3060, videoRenderer:000001A1266D1ED0)
[10/13/23 09:40:32:562][4992][A]:(00000124):   VideoFrameRotator::setOutputFormat(this:000001A0466F0880, format:(width:960, height:540, fps:15, fixed:1))
[10/13/23 09:40:32:562][4992][A]:(00000125): LocalVideoTrackImpl::addVideoFilter(this:000001A049CA3060, filter:000001A14CFEB0E0)
[10/13/23 09:40:32:563][4992][A]:(00000126): LocalVideoTrackImpl::addVideoFilter(this:000001A049CA3060, filter:000001A15208FBE0)
[10/13/23 09:40:32:563][4992][A]:(00000127):   VideoFrameRotator::setOutputFormat(this:000001A0466F0760, format:(width:960, height:540, fps:15, fixed:1))
[10/13/23 09:40:32:564][4992][A]:(00000128): LocalVideoTrackImpl::addVideoFilter(this:000001A049CA3060, filter:000001A143199020)
[10/13/23 09:40:32:564][4992][A]:(00000129):   VideoFrameRotator::setOutputFormat(this:000001A0466F0600, format:(width:960, height:540, fps:15, fixed:1))
[10/13/23 09:40:32:564][4992][A]:(00000130): LocalVideoTrackImpl::addVideoFilter(this:000001A049CA3060, filter:000001A0FED85550)
[10/13/23 09:40:32:564][4992][A]:(00000131):   VideoFrameRotator::setOutputFormat(this:000001A0466F0D00, format:(width:960, height:540, fps:15, fixed:1))
[10/13/23 09:40:32:564][4992][A]:(00000132): MediaNodeFactoryImpl::createVideoRenderer(this:000001A139CA05A0, void)
[10/13/23 09:40:32:564][4992][A]:(00000133): LocalVideoTrackImpl::addRenderer(this:000001A049CA3060, videoRenderer:000001A139C88600)
[10/13/23 09:40:32:564][4992][A]:(00000134):   VideoFrameRotator::setOutputFormat(this:000001A0466F0DE0, format:(width:960, height:540, fps:15, fixed:1))
[10/13/23 09:40:32:565][4992][A]:(00000135): LocalVideoTrackImpl::setEnabled(this:000001A049CA3060, enable:1)
[10/13/23 09:40:32:565][4992][A]:(00000136):   VideoFrameWatermarker::onSinkWantsChanged(this:000001A14CFED4E0, rotation_applied:0, black_frames: 0, max_pixel_count: 2147483647, target_pixel_count: 0, max_framerate_fps: 2147483647)
[10/13/23 09:40:32:565][4992][A]:(00000137):   VideoFrameWatermarker::onSinkWantsChanged(this:000001A14CFED4E0, rotation_applied:0, black_frames: 0, max_pixel_count: 2147483647, target_pixel_count: 0, max_framerate_fps: 2147483647)
[10/13/23 09:40:32:565][4992][A]:(00000138):   VideoFrameWatermarker::onSinkWantsChanged(this:000001A14CFED4E0, rotation_applied:0, black_frames: 0, max_pixel_count: 2147483647, target_pixel_count: 0, max_framerate_fps: 2147483647)
[10/13/23 09:40:32:565][4992][A]:(00000139):   VideoFrameWatermarker::onSinkWantsChanged(this:000001A14CFED860, rotation_applied:0, black_frames: 0, max_pixel_count: 2147483647, target_pixel_count: 0, max_framerate_fps: 2147483647)
[10/13/23 09:40:32:565][4992][A]:(00000140):   VideoFrameWatermarker::onSinkWantsChanged(this:000001A14CFED4E0, rotation_applied:0, black_frames: 0, max_pixel_count: 2147483647, target_pixel_count: 0, max_framerate_fps: 2147483647)
[10/13/23 09:40:32:565][4992][A]:(00000141):   VideoFrameWatermarker::onSinkWantsChanged(this:000001A14CFED860, rotation_applied:0, black_frames: 0, max_pixel_count: 2147483647, target_pixel_count: 0, max_framerate_fps: 2147483647)
[10/13/23 09:40:32:565][4992][A]:(00000142):   VideoFrameWatermarker::onSinkWantsChanged(this:000001A14CFED4E0, rotation_applied:0, black_frames: 0, max_pixel_count: 2147483647, target_pixel_count: 0, max_framerate_fps: 2147483647)
[10/13/23 09:40:32:565][4992][A]:(00000143):   VideoFrameWatermarker::onSinkWantsChanged(this:000001A14CFED860, rotation_applied:0, black_frames: 0, max_pixel_count: 2147483647, target_pixel_count: 0, max_framerate_fps: 2147483647)
[10/13/23 09:40:32:565][4992][A]:(00000144):   VideoFrameWatermarker::onSinkWantsChanged(this:000001A14CFED4E0, rotation_applied:0, black_frames: 0, max_pixel_count: 2147483647, target_pixel_count: 0, max_framerate_fps: 2147483647)
[10/13/23 09:40:32:565][4992][A]:(00000145):   VideoFrameWatermarker::onSinkWantsChanged(this:000001A14CFED860, rotation_applied:0, black_frames: 0, max_pixel_count: 2147483647, target_pixel_count: 0, max_framerate_fps: 2147483647)
[10/13/23 09:40:32:565][4992][A]:(00000146):   VideoFrameWatermarker::onSinkWantsChanged(this:000001A14CFED4E0, rotation_applied:0, black_frames: 0, max_pixel_count: 2147483647, target_pixel_count: 0, max_framerate_fps: 2147483647)
[10/13/23 09:40:32:565][4436][A]:(00000147): VideoModuleSourceCamera::doStart(this:000001A100FCDE20, void)
[10/13/23 09:40:32:565][4992][A]:(00000148): MediaNodeFactoryImpl::createVideoRenderer(this:000001A139CA05A0, void)
[10/13/23 09:40:32:565][4992][A]:(00000149): MediaNodeFactoryImpl::createVideoRenderer(this:000001A139CA05A0, void)
[10/13/23 09:40:32:565][4992][A]:(00000150): MediaNodeFactoryImpl::createVideoRenderer(this:000001A139CA05A0, void)
[10/13/23 09:40:32:565][4992][A]:(00000151): MediaNodeFactoryImpl::createVideoRenderer(this:000001A139CA05A0, void)
[10/13/23 09:40:32:565][4992][A]:(00000152): LocalUserImpl::subscribeAllAudio(this:000001A139D44D00, void)
[10/13/23 09:40:32:565][4992][A]:(00000153): LocalUserImpl::subscribeAllVideo(this:000001A139D44D00, subscriptionOptions:(type:0, encodedFrameOnly:0))
[10/13/23 09:40:32:565][4992][A]:(00000154):   RtcConnectionImpl::setRemoteDefaultVideoStreamType(this:0000019FF524E490, type:0)
[10/13/23 09:40:32:565][4992][A]:(00000155): LocalUserImpl::setUserRole(this:000001A139D44D00, role:1)
[10/13/23 09:40:32:565][4992][A]:(00000156):   RtcConnectionImpl::setUserRole(this:0000019FF524E490, role:1)
[10/13/23 09:40:32:565][4992][A]:(00000157):     LegacyEventProxy::onClientRoleChanged->onChangeRoleSuccess(this:000001A049D2BFC0, oldRole:2, newRole:1, newRoleLatencyLevel:2)
[10/13/23 09:40:32:565][4992][A]:(00000158): LocalUserImpl::setAudienceLatencyLevel(this:000001A139D44D00, audience latency level:2)
[10/13/23 09:40:32:566][22124][A]:(00000159): ChannelProxy::onChangeRoleSuccess->onClientRoleChanged(this:000001A04A0874E0, oldRole:2, newRole:1, newRoleLatencyLevel:2)
[10/13/23 09:40:32:566][4992][A]:(00000160): AgoraService::createLocalAudioTrack(this:000001A13DFACB10, void)
[10/13/23 09:40:32:571][4992][A]:(00000161): LocalAudioTrackRecorderImpl::registerTrackObserver(this:000001A0FE1DF400, observer:000001A04656EA58)
[10/13/23 09:40:32:571][4992][A]:(00000162): LocalAudioTrackRecorderImpl::registerTrackObserver(this:000001A0FE1DF400, observer:000001A04A0874F8)
[10/13/23 09:40:32:571][4992][A]:(00000163): LocalUserImpl::publishAudio(this:000001A139D44D00, audioTrack:000001A0FE1DF400)
[10/13/23 09:40:32:572][22124][A]:(00000164): ChannelProxy::onAudioPublishStateChanged->onAudioPublishStateChanged(this:000001A04A0874E0, channel:Hacsamo, oldState:0, newState:2, elapseSinceLastState:33)
[10/13/23 09:40:32:573][4992][A]:(00000165):   LocalAudioTrackImpl::attach(this:000001A0FE1DF400, sourceId: 3147431818)
[10/13/23 09:40:32:574][4992][A]:(00000166): LocalVideoTrackImpl::SetVideoEncoderConfigurationInternal(this:000001A049CA3060, config:(codecType:2, dimensions:(width:960, height:540), frameRate:15, bitrate:1102269, minBitrate:110226, orientationMode:0, degradationPreference:0, compressionPreference:0, encodingPreference:-1 priority:0))
[10/13/23 09:40:32:574][4992][A]:(00000167):   VideoFrameAdapter::setOutputFormat(this:000001A138438A40, format:(width:960, height:540, fps:15))
[10/13/23 09:40:32:574][4992][A]:(00000168): LocalUserImpl::publishVideo(this:000001A139D44D00, videoTrack:000001A049CA3060)
[10/13/23 09:40:32:574][22124][A]:(00000169): ChannelProxy::onVideoPublishStateChanged->onVideoPublishStateChanged(this:000001A04A0874E0, channel:Hacsamo, oldState:0, newState:2, elapseSinceLastState:35)
[10/13/23 09:40:32:584][4992][A]:(00000170):   VideoFrameWatermarker::onSinkWantsChanged(this:000001A14CFED860, rotation_applied:0, black_frames: 0, max_pixel_count: 2147483647, target_pixel_count: 0, max_framerate_fps: 2147483647)
[10/13/23 09:40:32:584][4992][A]:(00000171):   VideoFrameWatermarker::onSinkWantsChanged(this:000001A14CFED4E0, rotation_applied:0, black_frames: 0, max_pixel_count: 2147483647, target_pixel_count: 0, max_framerate_fps: 2147483647)
[10/13/23 09:40:32:584][23208][A]:(00000172): VideoFrameWatermarker::onSinkWantsChanged(this:000001A14CFED860, rotation_applied:0, black_frames: 0, max_pixel_count: 2147483647, target_pixel_count: 0, max_framerate_fps: 2147483647)
[10/13/23 09:40:32:584][23208][A]:(00000173): VideoFrameWatermarker::onSinkWantsChanged(this:000001A14CFED4E0, rotation_applied:0, black_frames: 0, max_pixel_count: 2147483647, target_pixel_count: 0, max_framerate_fps: 2147483647)
[10/13/23 09:40:32:584][4992][A]:(00000174):   VideoFrameAdapter::setOutputFormat(this:000001A138438A40, format:(width:960, height:540, fps:15))
[10/13/23 09:40:32:585][4992][A]:(00000175):   VideoFrameWatermarker::onSinkWantsChanged(this:000001A14CFED860, rotation_applied:0, black_frames: 0, max_pixel_count: 2147483647, target_pixel_count: 0, max_framerate_fps: 2147483647)
[10/13/23 09:40:32:585][4992][A]:(00000176):   VideoFrameWatermarker::onSinkWantsChanged(this:000001A14CFED4E0, rotation_applied:0, black_frames: 0, max_pixel_count: 2147483647, target_pixel_count: 0, max_framerate_fps: 2147483647)
[10/13/23 09:40:32:585][4992][A]:(00000177): RtcConnectionImpl::connect(this:0000019FF524E490, token:"0****=", channelId:"Hacsamo", userId:"")
[10/13/23 09:40:32:586][4992][A]:(00000178): LocalAudioTrackRecorderImpl::setEnabled(this:000001A0FE1DF400, enable:1)
[10/13/23 09:40:32:587][4992][A]:(00000179):   LocalAudioTrackImpl::setEnabled(this:000001A0FE1DF400, enable: 1)
[10/13/23 09:40:32:589][4992][A]:(00000180): LocalAudioTrackRecorderImpl::enableEarMonitor(this:000001A0FE1DF400, enable: 0, includeAudioFilters: 2)
[10/13/23 09:40:32:590][4992][A]:(00000181): RtcConnectionImpl::stopLastmileProbeTest(this:0000019FF524E490, void)
[10/13/23 09:40:32:590][4992][A]:(00000182): RtcConnectionImpl::setConnectionState(this:0000019FF524E490, state: 2)
[10/13/23 09:40:32:590][4992][A]:(00000183): LegacyEventProxy::onConnectionStateChanged->onConnecting(this:000001A049D2BFC0, channel:"Hacsamo", userId:"", reason:0)
[10/13/23 09:40:32:590][22124][A]:(00000184): ChannelProxy::emitConnStateChanged->onConnectionStateChanged(this:000001A04A0874E0, state:2, reason:0)
[10/13/23 09:40:32:591][4992][A]:(00000185): <lambda_00306b56ed414c924ad90085d720a98a>::operator ->CallbackOnRoutingChanged(this:000001A04B8057A0, route: 4)
[10/13/23 09:40:32:591][4992][A]:(00000186):   ModuleEventHandler::CallbackOnRoutingChanged(this:000001A13E70B750, [USB] route:4)
[10/13/23 09:40:32:591][22124][A]:(00000187): RtcEngineEventHandlerCallback::onRoutingChanged->onAudioRoutingChanged(this:000001A04656EA40, route:4)
[10/13/23 09:40:32:594][4992][A]:(00000188): LocalAudioTrackRecorderImpl::enableEarMonitor(this:000001A0FE1DF400, enable: 0, includeAudioFilters: 2)
[10/13/23 09:40:32:594][4992][A]:(00000189): RtcEngineEventHandlerCallback::onLocalVideoStateChanged->onLocalVideoStateChanged(this:000001A04656EA40, state: 1, errorCode: 0)
[10/13/23 09:40:32:611][4992][A]:(00000190): RtcEngine::setParametersByTds(this:000001A06D194E40, {"parameters":{"rtc.enable_xdump":true,"rtc.enable_xdump_file":true,"rtc.enable_xdump_upload":true}})
[10/13/23 09:40:32:611][4992][A]:(00000191): RtcEngine::setParametersByTds(this:000001A06D194E40, {"parameters":{"rtc.vos_aut_use_old_sync":true}})
[10/13/23 09:40:32:611][4992][A]:(00000192): <lambda_2b7ebd1e6e1aada42e2c10d4e85e8e41>::operator ->CallbackOnDeviceStateChanged(this:000001A04B8057A0, deviceId:{0.0.0.00000000}.{c2d5884d-b25b-4746-93fe-e1ea5e767a7a}, deviceName:Speaker(Realtek(R) Audio), deviceType:0, deviceState:1)
[10/13/23 09:40:32:611][4992][A]:(00000193):   ModuleEventHandler::CallbackOnDeviceStateChanged->CallbackOnDeviceStateChanged(this:000001A13E70B750, deviceId:{0.0.0.00000000}.{c2d5884d-b25b-4746-93fe-e1ea5e767a7a}, deviceName:Speaker(Realtek(R) Audio), deviceType:0, deviceState:1)
[10/13/23 09:40:32:611][22124][A]:(00000194): RtcEngineEventHandlerCallback::onAudioDeviceStateChanged->onAudioDeviceStateChanged(this:000001A04656EA40, deviceId:{0.0.0.00000000}.{c2d5884d-b25b-4746-93fe-e1ea5e767a7a}, deviceType:0, deviceState:1)
[10/13/23 09:40:32:611][22124][A]:(00000195): RtcEngineEventHandlerCallback::onDeviceStateChanged->onDeviceStateChanged(this:000001A04656EA40, void)
[10/13/23 09:40:32:620][4992][A]:(00000196): <lambda_497358811a0f33aa6aeaf2448f2a8272>::operator ->CallbackOnDeviceStateChanged(this:000001A04B8057A0, deviceType:"1", deviceState:"1", reason:0)
[10/13/23 09:40:32:620][22124][A]:(00000197): RtcEngineEventHandlerCallback::onLocalAudioTrackStateChanged->onLocalAudioTrackStateChanged(this:000001A04656EA40, state:1 errorCode:0)
[10/13/23 09:40:32:620][22124][A]:(00000198): ChannelProxy::onLocalAudioTrackStateChanged->onLocalAudioTrackStateChanged(this:000001A04A0874E0, state:1 errorCode:0)
[10/13/23 09:40:32:620][4992][A]:(00000199): <lambda_2b7ebd1e6e1aada42e2c10d4e85e8e41>::operator ->CallbackOnDeviceStateChanged(this:000001A04B8057A0, deviceId:{0.0.1.00000000}.{6ce9117b-acad-4e44-ba3c-c4355a855a1c}, deviceName:마이크 배열(디지털 마이크용 인텔® 스마트 사운드 기술), deviceType:1, deviceState:1)
[10/13/23 09:40:32:620][4992][A]:(00000200):   ModuleEventHandler::CallbackOnDeviceStateChanged->CallbackOnDeviceStateChanged(this:000001A13E70B750, deviceId:{0.0.1.00000000}.{6ce9117b-acad-4e44-ba3c-c4355a855a1c}, deviceName:마이크 배열(디지털 마이크용 인텔® 스마트 사운드 기술), deviceType:1, deviceState:1)
[10/13/23 09:40:32:620][22124][A]:(00000201): RtcEngineEventHandlerCallback::onAudioDeviceStateChanged->onAudioDeviceStateChanged(this:000001A04656EA40, deviceId:{0.0.1.00000000}.{6ce9117b-acad-4e44-ba3c-c4355a855a1c}, deviceType:1, deviceState:1)
[10/13/23 09:40:32:620][22124][A]:(00000202): RtcEngineEventHandlerCallback::onDeviceStateChanged->onDeviceStateChanged(this:000001A04656EA40, void)
[10/13/23 09:40:32:620][4992][A]:(00000203): <lambda_dc48ec1c8257ef0f64770267ed719cc0>::operator ->CallbackOnRoutingChanged(this:000001A04B8057A0, deviceType: 1, route: 4)
[10/13/23 09:40:32:632][4992][A]:(00000204): LocalAudioTrackRecorderImpl::getState(this:000001A0FE1DF400, void)
[10/13/23 09:40:32:632][4992][A]:(00000205): LocalAudioTrackRecorderImpl::getState(this:000001A0FE1DF400, void)
[10/13/23 09:40:32:632][22124][A]:(00000206): RtcEngineEventHandlerCallback::onLocalAudioTrackStateChanged->onLocalAudioTrackStateChanged(this:000001A04656EA40, state:2 errorCode:0)
[10/13/23 09:40:32:632][22124][A]:(00000207): ChannelProxy::onLocalAudioTrackStateChanged->onLocalAudioTrackStateChanged(this:000001A04A0874E0, state:2 errorCode:0)
[10/13/23 09:40:32:661][4992][A]:(00000208): RtcEngineEventHandlerCallback::onLocalVideoStateChanged->onLocalVideoStateChanged(this:000001A04656EA40, state: 3, errorCode: 3)
[10/13/23 09:40:32:662][4436][A]:(00000209): <lambda_6ad589a1ec6854e622ad016e3518efc1>::operator (this:000001A100FCDE20, format:(width:960, height:540, fps:15 fixed:0 bypass_adaption:0))
[10/13/23 09:40:32:715][4992][A]:(00000210): RtcConnectionImpl::setConnectionState(this:0000019FF524E490, state: 3)
[10/13/23 09:40:32:715][4992][A]:(00000211): LegacyEventProxy::onJoinChannelSuccess->onConnected(this:000001A049D2BFC0, channel:"Hacsamo", uid:"901137367", elapsed:159)
[10/13/23 09:40:32:715][4992][A]:(00000212):   RtcConnectionImpl::getUserInfoByUid(this:0000019FF524E490, uid:901137367)
[10/13/23 09:40:32:715][4992][A]:(00000213):   RtcConnectionImpl::setLocalUserId(this:0000019FF524E490, userId:"901137367")
[10/13/23 09:40:32:715][22124][A]:(00000214): ChannelProxy::onConnected->onJoinChannelSuccess(this:000001A04A0874E0, channel:"Hacsamo", uid:"901137367", elapsed:159, reason:1)
[10/13/23 09:40:32:715][22124][A]:(00000215):   ChannelProxy::emitConnStateChanged->onConnectionStateChanged(this:000001A04A0874E0, state:3, reason:1)
[10/13/23 09:40:32:721][22124][A]:(00000216): ChannelProxy::onAudioPublishStateChanged->onAudioPublishStateChanged(this:000001A04A0874E0, channel:Hacsamo, oldState:2, newState:3, elapseSinceLastState:148)
[10/13/23 09:40:32:721][22124][A]:(00000217): ChannelProxy::onAudioTrackPublishSuccess->onFirstLocalAudioFramePublished(this:000001A04A0874E0, elapsed:165)
[10/13/23 09:40:32:726][4992][A]:(00000218): LegacyEventProxy::onUserJoined->onUserJoined(this:000001A049D2BFC0, uid:"10", elapsed:170)
[10/13/23 09:40:32:726][22124][A]:(00000219): ChannelProxy::onUserJoined->onUserJoined(this:000001A04A0874E0, userId:"10")
[10/13/23 09:40:32:726][22124][A]:(00000220): ChannelProxy::onAudioSubscribeStateChanged->onAudioSubscribeStateChanged(this:000001A04A0874E0, channel:Hacsamo, userId:10, oldState:0, newState:2, elapseSinceLastState:1)
[10/13/23 09:40:32:726][22124][A]:(00000221): ChannelProxy::onVideoSubscribeStateChanged->onVideoSubscribeStateChanged(this:000001A04A0874E0, channel:Hacsamo, userId:10, oldState:0, newState:2, elapseSinceLastState:1)
[10/13/23 09:40:32:726][22124][A]:(00000222): ChannelProxy::onAudioSubscribeStateChanged->onAudioSubscribeStateChanged(this:000001A04A0874E0, channel:Hacsamo, userId:10, oldState:2, newState:3, elapseSinceLastState:0)
[10/13/23 09:40:32:727][4992][A]:(00000223): RemoteAudioTrackImpl::setRemoteAudioTrackStatisticsHelper(this:000001A1604B00D0, helper: 000001A06FCDFAF0)
[10/13/23 09:40:32:727][4992][A]:(00000224): RemoteAudioTrackImpl::attach(this:000001A1604B00D0, local_ssrc: 901137367, remote_ssrc: 2495455879, codec: 122)
[10/13/23 09:40:32:728][4992][A]:(00000225): AudioStreamManager::createAndAttachRemoteAudioTrack->onUserAudioTrackSubscribed(this:000001A0448AFC50, userId:"10", track:000001A1604B00D0)
[10/13/23 09:40:32:732][15248][A]:(00000226): RemoteAudioTrackImpl::onFirstFrameDecoded(this:000001A1604B00D0, void)
[10/13/23 09:40:32:737][4992][A]:(00000227): AudioStreamManager::PollTrackInfoAndNotify->onFirstRemoteAudioFrame(this:000001A0448AFC50, userId:10, track: 000001A1604B00D0, elapsed:172)
[10/13/23 09:40:32:737][4992][A]:(00000228): AudioStreamManager::PollTrackInfoAndNotify->onUserAudioTrackStateChanged(this:000001A0448AFC50, userId:10, track:000001A1604B00D0, state:1, reason:6, elapsed:172)
[10/13/23 09:40:32:737][4992][A]:(00000229): AudioStreamManager::PollTrackInfoAndNotify->onFirstRemoteAudioDecoded(this:000001A0448AFC50, userId:10,  elapsed:176)
[10/13/23 09:40:32:737][4992][A]:(00000230): AudioStreamManager::PollTrackInfoAndNotify->onUserAudioTrackStateChanged(this:000001A0448AFC50, userId:10, track:000001A1604B00D0, state:2, reason:6, elapsed:176)
[10/13/23 09:40:32:737][22124][A]:(00000231): ChannelProxy::onFirstRemoteAudioFrame->onFirstRemoteAudioFrame(this:000001A04A0874E0, userId:"10", elapsed:172)
[10/13/23 09:40:32:737][22124][A]:(00000232): ChannelProxy::onUserAudioTrackStateChanged->onRemoteAudioStateChanged(this:000001A04A0874E0, userId:"10", state:1, reason:6, elapsed:172)
[10/13/23 09:40:32:737][22124][A]:(00000233): ChannelProxy::onFirstRemoteAudioDecoded->onFirstRemoteAudioDecoded(this:000001A04A0874E0, userId:"10", elapsed:176)
[10/13/23 09:40:32:737][22124][A]:(00000234): ChannelProxy::onUserAudioTrackStateChanged->onRemoteAudioStateChanged(this:000001A04A0874E0, userId:"10", state:2, reason:6, elapsed:176)
[10/13/23 09:40:32:786][22124][A]:(00000235): ChannelProxy::onVideoSubscribeStateChanged->onVideoSubscribeStateChanged(this:000001A04A0874E0, channel:Hacsamo, userId:10, oldState:2, newState:3, elapseSinceLastState:60)
[10/13/23 09:40:32:788][4992][A]:(00000236): VideoFrameRotator::setOutputFormat(this:000001A06D26FC00, format:(width:960, height:540, fps:15, fixed:1))
[10/13/23 09:40:32:789][4992][A]:(00000237): RemoteVideoTrackImpl::addVideoFilter(this:000001A142A156E0, filter:000001A0FED863F0)
[10/13/23 09:40:32:789][4992][A]:(00000238):   VideoFrameRotator::setOutputFormat(this:000001A06D2700E0, format:(width:960, height:540, fps:15, fixed:1))
[10/13/23 09:40:32:789][4992][A]:(00000239): VideoFrameRotator::setOutputRotation(this:000001A06D270220, rotation:0)
[10/13/23 09:40:32:789][4992][A]:(00000240): RemoteVideoTrackImpl::addVideoFilter(this:000001A142A156E0, filter:000001A04CBA4760)
[10/13/23 09:40:32:789][4992][A]:(00000241): RemoteVideoTrackImpl::addRenderer(this:000001A142A156E0, videoRenderer:000001A0FBAD0A00)
[10/13/23 09:40:32:789][4992][A]:(00000242):   VideoFrameRotator::setOutputFormat(this:000001A06D260900, format:(width:960, height:540, fps:15, fixed:1))
[10/13/23 09:40:32:789][4992][A]:(00000243): RemoteVideoTrackImpl::addVideoFilter(this:000001A142A156E0, filter:000001A0D4D9F870)
[10/13/23 09:40:32:793][4992][A]:(00000244): VideoStreamManager::onRemoteVideoStateChanged->onUserVideoTrackStateChanged(this:000001A06F4711E0, userId:10, track:000001A142A156E0, state:1, reason:6, elapsed:237)
[10/13/23 09:40:32:793][22124][A]:(00000245): ChannelProxy::notifyRemoteVideoStateChanged->onRemoteVideoStateChanged(this:000001A04A0874E0, userId:"10", state:1, reason:6)
[10/13/23 09:40:32:793][4992][A]:(00000246): VideoStreamManager::createNewVideoTrackIfNeeded->onUserVideoTrackSubscribed(this:000001A06F4711E0, userId:"10", VideoTrackInfo(ownerUid:10, channelId:Hacsamo, streamType:0, codecType:1, encodedFrameOnly:0), remoteTrack:000001A142A156E0)
[10/13/23 09:40:32:793][4992][A]:(00000247): RemoteVideoTrackImpl::deliverPacket(this:000001A142A156E0, void)
[10/13/23 09:40:32:794][4992][A]:(00000248): MediaNodeFactoryImpl::createVideoRenderer(this:000001A139CA05A0, void)
[10/13/23 09:40:32:794][4992][A]:(00000249): RemoteVideoTrackImpl::addRenderer(this:000001A142A156E0, videoRenderer:000001A13DC6FBB0)
[10/13/23 09:40:32:794][4992][A]:(00000250):   VideoFrameRotator::setOutputFormat(this:000001A04BFADA90, format:(width:960, height:540, fps:15, fixed:1))
[10/13/23 09:40:32:794][4992][A]:(00000251): RemoteVideoTrackImpl::deliverPacket(this:000001A142A156E0, void)
[10/13/23 09:40:32:794][4992][A]:(00000252): RemoteVideoTrackImpl::deliverPacket(this:000001A142A156E0, void)
[10/13/23 09:40:32:794][4992][A]:(00000253): RemoteVideoTrackImpl::deliverPacket(this:000001A142A156E0, ... (ignore to avoid too many logs))
[10/13/23 09:40:32:810][22124][A]:(00000254): <lambda_e74e2d3fe70663ee0f272093dd4a3388>::operator ->onFirstRemoteVideoDecoded(this:000001A04A0874E0, uid:"10", width:640, height:480, elapsed:254)
[10/13/23 09:40:32:810][4992][A]:(00000255): VideoStreamManager::onRemoteVideoStateChanged->onUserVideoTrackStateChanged(this:000001A06F4711E0, userId:10, track:000001A142A156E0, state:2, reason:6, elapsed:254)
[10/13/23 09:40:32:811][22124][A]:(00000256): ChannelProxy::notifyRemoteVideoStateChanged->onRemoteVideoStateChanged(this:000001A04A0874E0, userId:"10", state:2, reason:6)
[10/13/23 09:40:32:811][22124][A]:(00000257): <lambda_9e088c196b19a6b26f80dcb9f69858f3>::operator ->onVideoRenderingTracingResult(this:000001A04A0874E0, uid:"10", currentEvent:"1", elapsedTime:"254", start2JoinChannel:"0", join2JoinSuccess:"160", joinSuccess2RemoteJoined:"10", remoteJoined2SetView:"0", remoteJoined2UnmuteVideo:"0", remoteJoined2PacketReceived:"60")
[10/13/23 09:40:32:811][22124][A]:(00000258): <lambda_5527bb2a1c95bc5415260fd762b533c7>::operator ->onVideoSizeChanged(this:000001A04A0874E0, uid:"10", width:640, height:480, rotation:0)
[10/13/23 09:40:32:811][22124][A]:(00000259): <lambda_5527bb2a1c95bc5415260fd762b533c7>::operator ->onVideoSizeChanged(this:000001A04A0874E0, uid:"10", width:640, height:480, rotation:0)
[10/13/23 09:40:33:143][4992][A]:(00000260): VideoModuleSourceCamera::createDeviceInfo(this:000001A100FCDE20, void)
[10/13/23 09:40:33:156][21284][U]:(00000261): RtcEngine::getVersion(this:000001A0FE169900, void)
[10/13/23 09:40:34:518][4992][A]:(00000262): <lambda_620e583876345b54c8e816737892779b>::operator ->onUserInfoUpdated(this:000001A0448AFC50, userId:"10", msg:0, mute:0)
[10/13/23 09:40:34:518][4992][A]:(00000263): <lambda_d52681acc4bbfd8efa8103f0a09ea347>::operator ->onUserInfoUpdated(this:000001A06F4711E0, uid:"10", msg:4, enable:1)
[10/13/23 09:40:34:518][22124][A]:(00000264): ChannelProxy::onUserInfoUpdated->onUserMuteAudio(this:000001A04A0874E0, userId:"10", mute:0)
[10/13/23 09:40:34:518][4992][A]:(00000265): <lambda_65ca3c8b54bcbe933486f55b955552d8>::operator ->onUserInfoUpdated(this:000001A06F4711E0, uid:"10", msg:8, enable:1)
[10/13/23 09:40:34:518][22124][A]:(00000266): ChannelProxy::onUserInfoUpdated->onUserEnableVideo(this:000001A04A0874E0, userId:"10", enable:1)
[10/13/23 09:40:34:518][4992][A]:(00000267): <lambda_e319453792eb7ca81c7d3176cce1a5c6>::operator ->onUserInfoUpdated(this:000001A06F4711E0, uid:"10", msg:1, mute:0)
[10/13/23 09:40:34:519][22124][A]:(00000268): ChannelProxy::onUserInfoUpdated->onUserEnableLocalVideo(this:000001A04A0874E0, userId:"10", enable:1)
[10/13/23 09:40:34:519][22124][A]:(00000269): ChannelProxy::onUserInfoUpdated->onUserMuteVideo(this:000001A04A0874E0, userId:"10", mute:0)
[10/13/23 09:40:34:519][22124][A]:(00000270): ChannelProxy::onUserStateChanged->onUserStateChanged(this:000001A04A0874E0, userId:"10", state:1808)
[10/13/23 09:40:35:004][21284][U]:(00000271): RtcEngine::stopPreview(this:000001A0FE169900, {})
[10/13/23 09:40:35:004][21284][A]:(00000272):   RtcEngine::stopPreviewInternal(this:000001A0FE169900, void)
[10/13/23 09:40:35:004][21284][A]:(00000273):     VideoRendererWrapper::unsetView(this:000001A139C88600, void)
[10/13/23 09:40:35:004][21284][A]:(00000274):     LocalVideoTrackImpl::removeRenderer(this:000001A049CA3060, videoRenderer:000001A139C88600)
[10/13/23 09:40:35:004][21284][A]:(00000275):     VideoRendererWrapper::unsetView(this:000001A139C88A20, void)
[10/13/23 09:40:35:004][21284][A]:(00000276):     VideoRendererWrapper::unsetView(this:000001A13DC70550, void)
[10/13/23 09:40:35:004][21284][A]:(00000277):     VideoRendererWrapper::unsetView(this:000001A13DC6FB00, void)
[10/13/23 09:40:35:004][21284][A]:(00000278):     VideoRendererWrapper::unsetView(this:000001A13DC701E0, void)
[10/13/23 09:40:35:004][21284][U]:(00000279): RtcEngine::leaveChannel(this:000001A0FE169900, {})
[10/13/23 09:40:35:004][21284][A]:(00000280):   RtcEngine::leaveChannel(this:000001A0FE169900, {"options":{"stopAudioMixing":1, "stopAllEffect":1, "stopMicrophoneRecording":1}})
[10/13/23 09:40:35:004][21284][A]:(00000281):     RtcEngine::stopAudioMixing(this:000001A0FE169900, {})
[10/13/23 09:40:35:005][4992][A]:(00000282): MediaPlayerImpl::getState(this:000001A142576BC0, {})
[10/13/23 09:40:35:005][4992][A]:(00000283): LocalAudioTrackMediaPlayerImpl::setLocalPlaybackExtraDelay(this:000001A06D340510, delayMs:0)
[10/13/23 09:40:35:005][4992][A]:(00000284): LocalUserImpl::setAudienceLatencyLevel(this:000001A139D44D00, audience latency level:2)
[10/13/23 09:40:35:005][21284][A]:(00000285):     RtcEngine::stopAllEffects(this:000001A0FE169900, {})
[10/13/23 09:40:35:005][21284][A]:(00000286):       RtcEngine::unloadAllEffects(this:000001A0FE169900, {})
[10/13/23 09:40:35:006][4992][A]:(00000287): RtcConnectionImpl::disconnect(this:0000019FF524E490, void)
[10/13/23 09:40:35:008][4992][A]:(00000288):   VideoStreamManager::onRemoteVideoStateChanged->onUserVideoTrackStateChanged(this:000001A06F4711E0, userId:10, track:000001A142A156E0, state:0, reason:3, elapsed:2452)
[10/13/23 09:40:35:008][4992][A]:(00000289):   RemoteVideoTrackImpl::removeVideoFilter(this:000001A142A156E0, filter:000001A04CBA4760)
[10/13/23 09:40:35:008][22124][A]:(00000290): ChannelProxy::notifyRemoteVideoStateChanged->onRemoteVideoStateChanged(this:000001A04A0874E0, userId:"10", state:0, reason:3)
[10/13/23 09:40:35:008][4992][A]:(00000291):   RemoteAudioTrackImpl::detach(this:000001A1604B00D0, void)
[10/13/23 09:40:35:008][4992][A]:(00000292):   RtcConnectionImpl::setConnectionState(this:0000019FF524E490, state: 1)
[10/13/23 09:40:35:008][4992][A]:(00000293):   LegacyEventProxy::onConnectionStateChanged->onDisconnected(this:000001A049D2BFC0, channel:"Hacsamo", userId:"901137367", reason:5)
[10/13/23 09:40:35:009][4992][A]:(00000294): LocalUserImpl::unpublishAudio(this:000001A139D44D00, audioTrack:000001A0FE1DF400)
[10/13/23 09:40:35:009][4992][A]:(00000295):   LocalAudioTrackImpl::detach(this:000001A0FE1DF400, reason: 0)
[10/13/23 09:40:35:009][4992][A]:(00000296): LocalAudioTrackRecorderImpl::setEnabled(this:000001A0FE1DF400, enable:0)
[10/13/23 09:40:35:009][4992][A]:(00000297):   LocalAudioTrackImpl::setEnabled(this:000001A0FE1DF400, enable: 0)
[10/13/23 09:40:35:010][4992][A]:(00000298): LocalUserImpl::unpublishVideo(this:000001A139D44D00, videoTrack:000001A049CA3060)
[10/13/23 09:40:35:010][4992][A]:(00000299): VideoRendererWrapper::unsetView(this:000001A139C88600, void)
[10/13/23 09:40:35:010][4992][A]:(00000300): LocalVideoTrackImpl::setEnabled(this:000001A049CA3060, enable:0)
[10/13/23 09:40:35:011][4436][A]:(00000301): VideoModuleSourceCamera::doStop(this:000001A100FCDE20, void)
[10/13/23 09:40:35:011][4992][A]:(00000303): LocalVideoTrackImpl::removeRenderer(this:000001A049CA3060, videoRenderer:000001A139C88600)
[10/13/23 09:40:35:011][25588][A]:(00000302): VideoFrameAdapter::setEnabled(this:000001A138438A40, enable:0)
[10/13/23 09:40:35:011][4992][A]:(00000304): LocalVideoTrackImpl::setEnabled(this:000001A049CA3060, enable:0)
[10/13/23 09:40:35:011][4992][A]:(00000305): LocalUserImpl::unsubscribeAllAudio(this:000001A139D44D00, void)
[10/13/23 09:40:35:011][4992][A]:(00000306): LocalUserImpl::unsubscribeAllVideo(this:000001A139D44D00, void)
[10/13/23 09:40:35:011][21284][A]:(00000307):     RtcEngine::stopAudioRecording(this:000001A0FE169900, {})
[10/13/23 09:40:35:011][4992][A]:(00000308): <lambda_2b7ebd1e6e1aada42e2c10d4e85e8e41>::operator ->CallbackOnDeviceStateChanged(this:000001A04B8057A0, deviceId:{0.0.0.00000000}.{c2d5884d-b25b-4746-93fe-e1ea5e767a7a}, deviceName:Speaker(Realtek(R) Audio), deviceType:0, deviceState:0)
[10/13/23 09:40:35:011][4992][A]:(00000309):   ModuleEventHandler::CallbackOnDeviceStateChanged->CallbackOnDeviceStateChanged(this:000001A13E70B750, deviceId:{0.0.0.00000000}.{c2d5884d-b25b-4746-93fe-e1ea5e767a7a}, deviceName:Speaker(Realtek(R) Audio), deviceType:0, deviceState:0)
[10/13/23 09:40:35:011][4992][A]:(00000310): <lambda_497358811a0f33aa6aeaf2448f2a8272>::operator ->CallbackOnDeviceStateChanged(this:000001A04B8057A0, deviceType:"1", deviceState:"0", reason:0)
[10/13/23 09:40:35:011][4992][A]:(00000311): <lambda_2b7ebd1e6e1aada42e2c10d4e85e8e41>::operator ->CallbackOnDeviceStateChanged(this:000001A04B8057A0, deviceId:{0.0.1.00000000}.{6ce9117b-acad-4e44-ba3c-c4355a855a1c}, deviceName:마이크 배열(디지털 마이크용 인텔® 스마트 사운드 기술), deviceType:1, deviceState:0)
[10/13/23 09:40:35:011][4992][A]:(00000312):   ModuleEventHandler::CallbackOnDeviceStateChanged->CallbackOnDeviceStateChanged(this:000001A13E70B750, deviceId:{0.0.1.00000000}.{6ce9117b-acad-4e44-ba3c-c4355a855a1c}, deviceName:마이크 배열(디지털 마이크용 인텔® 스마트 사운드 기술), deviceType:1, deviceState:0)
[10/13/23 09:40:35:011][4992][A]:(00000313): RtcEngineEventHandlerCallback::onLocalVideoStateChanged->onLocalVideoStateChanged(this:000001A04656EA40, state: 0, errorCode: 0)
[10/13/23 09:40:35:011][21284][U]:(00000314): MediaEngine::removeVideoFrameRenderer(this:000001A142E96680, {"renderer":"000001A0FE567190"})
[10/13/23 09:40:35:011][21284][U]:(00000315): MediaEngine::release(this:000001A142E96680, {})
[10/13/23 09:40:35:011][22124][A]:(00000316): ChannelProxy::onAudioPublishStateChanged->onAudioPublishStateChanged(this:000001A04A0874E0, channel:Hacsamo, oldState:3, newState:1, elapseSinceLastState:2287)
[10/13/23 09:40:35:011][22124][A]:(00000317): ChannelProxy::onVideoPublishStateChanged->onVideoPublishStateChanged(this:000001A04A0874E0, channel:Hacsamo, oldState:2, newState:1, elapseSinceLastState:2433)
[10/13/23 09:40:35:011][22124][A]:(00000318): ChannelProxy::onDisconnected->onLeaveChannel(this:000001A04A0874E0, channel:"Hacsamo", userId:"901137367", reason:5)
[10/13/23 09:40:35:011][22124][A]:(00000319):   ChannelProxy::emitConnStateChanged->onConnectionStateChanged(this:000001A04A0874E0, state:1, reason:5)
[10/13/23 09:40:35:011][22124][A]:(00000320): ChannelProxy::onAudioPublishStateChanged->onAudioPublishStateChanged(this:000001A04A0874E0, channel:Hacsamo, oldState:0, newState:1, elapseSinceLastState:1)
[10/13/23 09:40:35:011][22124][A]:(00000321): ChannelProxy::onVideoPublishStateChanged->onVideoPublishStateChanged(this:000001A04A0874E0, channel:Hacsamo, oldState:0, newState:1, elapseSinceLastState:2)
[10/13/23 09:40:35:012][21284][U]:(00000322): VideoDeviceManager::release(this:000001A0FEC924B0, {})
[10/13/23 09:40:35:012][21284][U]:(00000323): LocalSpatialAudioEngine::release(this:000001A143341B50, {})
[10/13/23 09:40:35:012][22124][A]:(00000324): RtcEngineEventHandlerCallback::onAudioDeviceStateChanged->onAudioDeviceStateChanged(this:000001A04656EA40, deviceId:{0.0.0.00000000}.{c2d5884d-b25b-4746-93fe-e1ea5e767a7a}, deviceType:0, deviceState:0)
[10/13/23 09:40:35:012][21284][A]:(00000325): MusicContentCenterImpl::unregisterEventHandler(this:000001A1428930F0, [MCC])
[10/13/23 09:40:35:012][22124][A]:(00000326): RtcEngineEventHandlerCallback::onDeviceStateChanged->onDeviceStateChanged(this:000001A04656EA40, void)
[10/13/23 09:40:35:012][21284][A]:(00000327): MusicContentCenterImpl::release(this:000001A1428930F0, [MCC])
[10/13/23 09:40:35:012][22124][A]:(00000328): RtcEngineEventHandlerCallback::onLocalAudioTrackStateChanged->onLocalAudioTrackStateChanged(this:000001A04656EA40, state:0 errorCode:0)
[10/13/23 09:40:35:012][22124][A]:(00000329): ChannelProxy::onLocalAudioTrackStateChanged->onLocalAudioTrackStateChanged(this:000001A04A0874E0, state:0 errorCode:0)
[10/13/23 09:40:35:012][22124][A]:(00000330): RtcEngineEventHandlerCallback::onAudioDeviceStateChanged->onAudioDeviceStateChanged(this:000001A04656EA40, deviceId:{0.0.1.00000000}.{6ce9117b-acad-4e44-ba3c-c4355a855a1c}, deviceType:1, deviceState:0)
[10/13/23 09:40:35:012][22124][A]:(00000331): RtcEngineEventHandlerCallback::onDeviceStateChanged->onDeviceStateChanged(this:000001A04656EA40, void)
[10/13/23 09:40:35:012][21284][U]:(00000332): RtcEngine::unregisterEventHandler(this:000001A0FE169900, {"eventHandler":"000001A139AE1660"})
[10/13/23 09:40:35:012][21284][U]:(00000333): RtcEngine::release(this:000001A0FE169900, {"sync":1})
[10/13/23 09:40:35:012][21284][U]:(00000334): LocalSpatialAudioEngine::release(this:000001A143341B50, {})
[10/13/23 09:40:35:012][4992][A]:(00000335): AgoraService::createAudioDeviceManager(this:000001A13DFACB10, void)
[10/13/23 09:40:35:012][4992][A]:(00000336): AudioDeviceManagerImpl::unregisterObserver(this:000001A137F0BEE0, observer:000001A04656EA48)
[10/13/23 09:40:35:012][4992][A]:(00000337): MusicContentCenterImpl::release(this:000001A1428930F0, [MCC])
[10/13/23 09:40:35:012][4992][A]:(00000338): RtcConnectionImpl::disconnect(this:0000019FF524E490, void)
[10/13/23 09:40:35:012][4992][A]:(00000339): LocalUserImpl::unregisterLocalUserObserver(this:000001A139D44D00, observer:000001A04A0874F0)
[10/13/23 09:40:35:012][4992][A]:(00000340): RtcConnectionImpl::unregisterObserver(this:0000019FF524E490, observer:000001A04A0874E0)
[10/13/23 09:40:35:012][4992][A]:(00000341): LocalAudioTrackRecorderImpl::unregisterTrackObserver(this:000001A0FE1DF400, observer:000001A04A0874F8)
[10/13/23 09:40:35:012][4992][A]:(00000342): RtcConnectionImpl::unregisterNetworkObserver(this:0000019FF524E490, observer:000001A04A0874E8)
[10/13/23 09:40:35:012][4992][A]:(00000343): RtcConnectionImpl::unregisterObserver(this:0000019FF524E490, observer:000001A04A0874E0)
[10/13/23 09:40:35:012][4992][A]:(00000344): LocalUserImpl::unregisterLocalUserObserver(this:000001A139D44D00, observer:000001A04A0874F0)
[10/13/23 09:40:35:012][4992][A]:(00000345): RtcConnectionImpl::unsubscribeReceivePacketHandler(this:0000019FF524E490, void)
[10/13/23 09:40:35:012][4992][A]:(00000346): RtcConnectionImpl::stopService(this:0000019FF524E490, waitForAll:0)
[10/13/23 09:40:35:013][4992][A]:(00000347): LocalAudioTrackRecorderImpl::unregisterTrackObserver(this:000001A0FE1DF400, observer:000001A04656EA58)
[10/13/23 09:40:35:013][4992][A]:(00000348): LocalAudioTrackRecorderImpl::enableLocalPlayback(this:000001A0FE1DF400, enable:0, sync:1)
[10/13/23 09:40:35:013][4992][A]:(00000349): LocalAudioTrackRecorderImpl::enableEarMonitor(this:000001A0FE1DF400, enable: 0, includeAudioFilters: 1)
[10/13/23 09:40:35:013][4992][A]:(00000350): LocalAudioTrackRecorderImpl::setEnabled(this:000001A0FE1DF400, enable:0)
[10/13/23 09:40:35:013][4992][A]:(00000351): LocalVideoTrackImpl::removeVideoFilter(this:000001A049CA3060, filter:0000019E72E75D10)
[10/13/23 09:40:35:013][4992][A]:(00000352): LocalVideoTrackImpl::removeVideoFilter(this:000001A049CA3060, filter:0000019E72E765D0)
[10/13/23 09:40:35:013][4992][A]:(00000353): LocalVideoTrackImpl::setEnabled(this:000001A049CA3060, enable:0)
[10/13/23 09:40:35:013][4992][A]:(00000354): LocalVideoTrackImpl::setEnabled(this:000001A049CA3060, enable:0)
[10/13/23 09:40:35:013][4992][A]:(00000355): LocalVideoTrackImpl::enableSimulcastStreamInternal(this:000001A049CA3060, enable:0, config:(dimensions:(width:-1, height:-1), bitrateKbps:-1))
[10/13/23 09:40:35:016][4992][A]:(00000356): MediaPlayerImpl::unregisterPlayerSourceObserver(this:000001A142576BC0, {"observer":"000001A1425F9570"})
[10/13/23 09:40:35:016][4992][A]:(00000357): MediaPlayerImpl::getMediaPlayerId(this:000001A142576BC0, {})
[10/13/23 09:40:35:016][4992][A]:(00000358):   MediaPlayerSourceFFMpeg::getSourceId(this:000001A049D9D120, void)
[10/13/23 09:40:35:016][4992][A]:(00000359): MediaPlayerImpl::stop(this:000001A142576BC0, {})
[10/13/23 09:40:35:016][24704][A]:(00000360): MediaPlayerImpl::stop(this:000001A1368C0160, void)
[10/13/23 09:40:35:016][24704][A]:(00000361):   MediaPlayerImpl::setRenderLastVideoFrame(this:000001A1368C0160, void)
[10/13/23 09:40:35:016][4992][A]:(00000362):   MediaPlayerImpl::setRenderLastVideoFrame(this:000001A142576BC0, void)
[10/13/23 09:40:35:016][4992][A]:(00000363):   LocalAudioTrackMediaPlayerImpl::enableLocalPlayback(this:000001A06D340510, enable:0, sync:1)
[10/13/23 09:40:35:016][4992][A]:(00000364):     LocalAudioTrackImpl::enableLocalPlayback(this:000001A06D340510, enable:0, sync:1)
[10/13/23 09:40:35:016][4992][A]:(00000365):     LocalAudioTrackMediaPlayerImpl::enableLocalPlaybackInternal(this:000001A06D340510, enable = 0)
[10/13/23 09:40:35:016][4992][A]:(00000366): MediaPlayerSourceFFMpeg::unregisterPlayerSourceObserver(this:000001A049D9D120, observer: 000001A142576BC8)
[10/13/23 09:40:35:016][4992][A]:(00000367): MediaPlayerImpl::stop(this:000001A142576BC0, {})
[10/13/23 09:40:35:016][24704][A]:(00000368): MediaPlayerImpl::stop(this:000001A1368C0160, void)
[10/13/23 09:40:35:016][24704][A]:(00000369):   MediaPlayerImpl::setRenderLastVideoFrame(this:000001A1368C0160, void)
[10/13/23 09:40:35:016][4992][A]:(00000370):   MediaPlayerImpl::setRenderLastVideoFrame(this:000001A142576BC0, void)
[10/13/23 09:40:35:016][4992][A]:(00000371):   LocalAudioTrackMediaPlayerImpl::enableLocalPlayback(this:000001A06D340510, enable:0, sync:1)
[10/13/23 09:40:35:016][4992][A]:(00000372):     LocalAudioTrackImpl::enableLocalPlayback(this:000001A06D340510, enable:0, sync:1)
[10/13/23 09:40:35:016][4992][A]:(00000373):     LocalAudioTrackMediaPlayerImpl::enableLocalPlaybackInternal(this:000001A06D340510, enable = 0)
[10/13/23 09:40:35:016][4992][A]:(00000374): LocalVideoTrackImpl::setEnabled(this:000001A13E66D2C0, enable:0)
[10/13/23 09:40:35:016][4992][A]:(00000375): LocalVideoTrackImpl::removeRenderer(this:000001A13E66D2C0, videoRenderer:000001A13E144A90)
[10/13/23 09:40:35:016][4992][A]:(00000376): LocalVideoTrackImpl::setEnabled(this:000001A13E66D2C0, enable:0)
[10/13/23 09:40:35:016][4992][A]:(00000377): LocalVideoTrackImpl::enableSimulcastStreamInternal(this:000001A13E66D2C0, enable:0, config:(dimensions:(width:-1, height:-1), bitrateKbps:-1))
[10/13/23 09:40:35:016][4992][A]:(00000378): LocalAudioTrackMediaPlayerImpl::enableLocalPlayback(this:000001A06D340510, enable:0, sync:1)
[10/13/23 09:40:35:016][4992][A]:(00000379):   LocalAudioTrackImpl::enableLocalPlayback(this:000001A06D340510, enable:0, sync:1)
[10/13/23 09:40:35:016][4992][A]:(00000380):   LocalAudioTrackMediaPlayerImpl::enableLocalPlaybackInternal(this:000001A06D340510, enable = 0)
[10/13/23 09:40:35:016][4992][A]:(00000381): LocalAudioTrackMediaPlayerImpl::setEnabled(this:000001A06D340510, enable:0)
[10/13/23 09:40:35:016][4992][A]:(00000382):   LocalAudioTrackMediaPlayerImpl::enableLocalPlaybackInternal(this:000001A06D340510, enable = 0)
[10/13/23 09:40:35:016][4992][A]:(00000383): LocalAudioTrackMediaPlayerImpl::enableLocalPlayback(this:000001A06D340510, enable:0, sync:1)
[10/13/23 09:40:35:016][4992][A]:(00000384):   LocalAudioTrackImpl::enableLocalPlayback(this:000001A06D340510, enable:0, sync:1)
[10/13/23 09:40:35:017][4992][A]:(00000385):   LocalAudioTrackMediaPlayerImpl::enableLocalPlaybackInternal(this:000001A06D340510, enable = 0)
[10/13/23 09:40:35:017][24704][A]:(00000386): MediaPlayerImpl::stop(this:000001A1368C0160, void)
[10/13/23 09:40:35:017][24704][A]:(00000387):   MediaPlayerImpl::setRenderLastVideoFrame(this:000001A1368C0160, void)
[10/13/23 09:40:35:017][24704][A]:(00000388): MediaPlayerImpl::unregisterAudioFrameObserver(this:000001A1368C0160, observer:000001A049D9D130)
[10/13/23 09:40:35:017][24704][A]:(00000389): MediaPlayerImpl::unregisterVideoFrameObserver(this:000001A1368C0160, observer:000001A049D9D128)
[10/13/23 09:40:35:017][24704][A]:(00000390): MediaPlayerImpl::unregisterPlayerSourceObserver(this:000001A1368C0160, observer:000001A049D9D120)
[10/13/23 09:40:35:017][24704][A]:(00000391): MediaPlayerImpl::release(this:000001A1368C0160, this:000001A1368C0160)
[10/13/23 09:40:35:017][24704][A]:(00000392):   MediaPlayerImpl::stop(this:000001A1368C0160, void)
[10/13/23 09:40:35:017][24704][A]:(00000393):     MediaPlayerImpl::setRenderLastVideoFrame(this:000001A1368C0160, void)
[10/13/23 09:40:35:017][4992][A]:(00000394): RhythmPlayerImpl::~RhythmPlayerImpl(this:000001A13A033370, void)
[10/13/23 09:40:35:017][4992][A]:(00000395): AgoraService::unregisterAgoraServiceObserver(this:000001A13DFACB10, observer:000001A04656EA50)
[10/13/23 09:40:35:017][4992][A]:(00000396): RtcEngine::stopService(this:000001A0FE169900, waitForAll:0)
[10/13/23 09:40:35:017][4992][A]:(00000397):   AgoraService::release(this:000001A13DFACB10, void)
[10/13/23 09:40:35:017][4992][A]:(00000398):     AudioDeviceManagerComponentImpl::release(this:000001A13E020910, {})
[10/13/23 09:40:35:022][4992][A]:(00000399):     AgoraService::~AgoraService(this:000001A13DFACB10, void)
[10/13/23 09:40:35:022][4992][A]:(00000400):       AudioDeviceManagerComponentImpl::release(this:000001A13E020910, {})
